c:\users\admin\desktop\kamilkasperek_zestaw3_pwwg\zadanie 2\szablon_glsl_vs2015\debug\vc141.pdb
c:\users\admin\desktop\kamilkasperek_zestaw3_pwwg\zadanie 2\szablon_glsl_vs2015\debug\vc141.idb
c:\users\admin\desktop\kamilkasperek_zestaw3_pwwg\zadanie 2\szablon_glsl_vs2015\debug\szablon_glut.obj
c:\users\admin\desktop\kamilkasperek_zestaw3_pwwg\zadanie 2\szablon_glsl_vs2015\debug\shaders.obj
c:\users\admin\desktop\kamilkasperek_zestaw3_pwwg\zadanie 2\szablon_glsl_vs2015\debug\importedmodel.obj
c:\users\admin\documents\opengl\debug\vc141.pdb
c:\users\admin\documents\opengl\debug\vc141.idb
c:\users\admin\documents\opengl\debug\shaders.obj
c:\users\admin\documents\opengl\debug\model.obj
c:\users\admin\documents\opengl\debug\szablon_glut.obj
c:\users\admin\desktop\kamilkasperek_zestaw3_pwwg\zadanie 2\debug\szablon_glsl_vs2015.exe
c:\users\admin\desktop\kamilkasperek_zestaw3_pwwg\zadanie 2\debug\szablon_glsl_vs2015.ilk
c:\users\admin\desktop\kamilkasperek_zestaw3_pwwg\zadanie 2\debug\szablon_glsl_vs2015.pdb
c:\users\admin\documents\opengl\debug\szablon_glsl_vs2015.exe
c:\users\admin\documents\opengl\debug\szablon_glsl_vs2015.ilk
c:\users\admin\documents\opengl\debug\szablon_glsl_vs2015.pdb
c:\users\admin\documents\opengl\debug\vc140.idb
c:\users\admin\documents\opengl\debug\vc140.pdb
c:\users\admin\documents\opengl\debug\szablon_.382c0dca.tlog\cl.command.1.tlog
c:\users\admin\documents\opengl\debug\szablon_.382c0dca.tlog\cl.read.1.tlog
c:\users\admin\documents\opengl\debug\szablon_.382c0dca.tlog\cl.write.1.tlog
c:\users\admin\documents\opengl\debug\szablon_.382c0dca.tlog\link.command.1.tlog
c:\users\admin\documents\opengl\debug\szablon_.382c0dca.tlog\link.delete.1.tlog
c:\users\admin\documents\opengl\debug\szablon_.382c0dca.tlog\link.read.1.tlog
c:\users\admin\documents\opengl\debug\szablon_.382c0dca.tlog\link.write.1.tlog
